app/manifest-merger-arm-release-report.txt
-- Merging decision tree log ---
manifest
ADDED from AndroidManifest.xml:2:1
	xmlns:tools
		ADDED from AndroidManifest.xml:3:11
	xmlns:android
		ADDED from AndroidManifest.xml:2:11
	package
		ADDED from AndroidManifest.xml:4:11
		INJECTED from AndroidManifest.xml:0:0
		INJECTED from AndroidManifest.xml:0:0
	android:versionName
		INJECTED from AndroidManifest.xml:0:0
		INJECTED from AndroidManifest.xml:0:0
	android:versionCode
		INJECTED from AndroidManifest.xml:0:0
		INJECTED from AndroidManifest.xml:0:0
uses-permission#android.permission.INTERNET
ADDED from AndroidManifest.xml:6:2
MERGED from ESLReader:mupdf-android-master1:unspecified:13:5
MERGED from com.crashlytics.sdk.android:crashlytics:2.5.5:9:5
MERGED from com.crashlytics.sdk.android:answers:1.3.6:9:5
MERGED from io.fabric.sdk.android:fabric:1.3.10:25:5
MERGED from com.crashlytics.sdk.android:crashlytics-core:2.3.8:9:5
MERGED from com.crashlytics.sdk.android:answers:1.3.6:9:5
MERGED from io.fabric.sdk.android:fabric:1.3.10:25:5
MERGED from io.fabric.sdk.android:fabric:1.3.10:25:5
MERGED from io.fabric.sdk.android:fabric:1.3.10:25:5
MERGED from com.crashlytics.sdk.android:beta:1.1.4:9:5
MERGED from io.fabric.sdk.android:fabric:1.3.10:25:5
MERGED from com.crashlytics.sdk.android:crashlytics-core:2.3.8:9:5
MERGED from com.crashlytics.sdk.android:answers:1.3.6:9:5
MERGED from io.fabric.sdk.android:fabric:1.3.10:25:5
MERGED from io.fabric.sdk.android:fabric:1.3.10:25:5
	android:name
		ADDED from AndroidManifest.xml:6:19
uses-permission#android.permission.ACCESS_NETWORK_STATE
ADDED from AndroidManifest.xml:7:2
	android:name
		ADDED from AndroidManifest.xml:7:19
uses-permission#android.permission.WRITE_EXTERNAL_STORAGE
ADDED from AndroidManifest.xml:8:2
MERGED from ESLReader:mupdf-android-master1:unspecified:12:5
	android:name
		ADDED from AndroidManifest.xml:8:19
uses-permission#android.permission.READ_EXTERNAL_STORAGE
ADDED from AndroidManifest.xml:9:2
	android:name
		ADDED from AndroidManifest.xml:9:19
application
ADDED from AndroidManifest.xml:10:5
MERGED from com.android.support:appcompat-v7:23.1.0:22:5
MERGED from com.android.support:support-v4:23.1.0:22:5
MERGED from com.android.support:appcompat-v7:23.1.0:22:5
MERGED from com.android.support:support-v4:23.1.0:22:5
MERGED from cn.pedant.sweetalert:sweet_dialog:1.3:11:5
MERGED from com.pnikosis:materialish-progress:1.0:11:5
MERGED from com.android.support:appcompat-v7:23.1.0:22:5
MERGED from com.android.support:support-v4:23.1.0:22:5
MERGED from com.crashlytics.sdk.android:crashlytics:2.5.5:11:5
MERGED from com.crashlytics.sdk.android:answers:1.3.6:11:5
MERGED from io.fabric.sdk.android:fabric:1.3.10:27:5
MERGED from com.crashlytics.sdk.android:crashlytics-core:2.3.8:11:5
MERGED from com.crashlytics.sdk.android:answers:1.3.6:11:5
MERGED from io.fabric.sdk.android:fabric:1.3.10:27:5
MERGED from io.fabric.sdk.android:fabric:1.3.10:27:5
MERGED from io.fabric.sdk.android:fabric:1.3.10:27:5
MERGED from com.crashlytics.sdk.android:beta:1.1.4:11:5
MERGED from com.crashlytics.sdk.android:crashlytics-ndk:1.1.2:10:5
MERGED from io.fabric.sdk.android:fabric:1.3.10:27:5
MERGED from com.crashlytics.sdk.android:crashlytics-core:2.3.8:11:5
MERGED from com.crashlytics.sdk.android:answers:1.3.6:11:5
MERGED from io.fabric.sdk.android:fabric:1.3.10:27:5
MERGED from io.fabric.sdk.android:fabric:1.3.10:27:5
	android:supportsRtl
		ADDED from AndroidManifest.xml:16:9
	android:label
		ADDED from AndroidManifest.xml:17:9
		REJECTED from com.pnikosis:materialish-progress:1.0:14:9
	android:allowBackup
		ADDED from AndroidManifest.xml:12:9
	android:icon
		ADDED from AndroidManifest.xml:15:9
		REJECTED from com.pnikosis:materialish-progress:1.0:13:9
	android:theme
		ADDED from AndroidManifest.xml:18:9
	android:hardwareAccelerated
		ADDED from AndroidManifest.xml:11:7
	tools:replace
		ADDED from AndroidManifest.xml:13:9
	android:name
		ADDED from AndroidManifest.xml:14:9
activity#com.ognev.eslreader.ChoosePDFActivity
ADDED from AndroidManifest.xml:28:6
	android:label
		ADDED from AndroidManifest.xml:31:16
	android:theme
		ADDED from AndroidManifest.xml:29:16
	android:name
		ADDED from AndroidManifest.xml:28:16
intent-filter#android.intent.action.MAIN+android.intent.category.LAUNCHER
ADDED from AndroidManifest.xml:32:7
action#android.intent.action.MAIN
ADDED from AndroidManifest.xml:33:8
	android:name
		ADDED from AndroidManifest.xml:33:16
category#android.intent.category.LAUNCHER
ADDED from AndroidManifest.xml:34:8
	android:name
		ADDED from AndroidManifest.xml:34:18
activity#com.ognev.eslreader.ReadMeActivity
ADDED from AndroidManifest.xml:37:6
	android:label
		ADDED from AndroidManifest.xml:40:8
	android:theme
		ADDED from AndroidManifest.xml:39:8
	android:name
		ADDED from AndroidManifest.xml:38:8
intent-filter#android.intent.action.SEARCH
ADDED from AndroidManifest.xml:41:7
action#android.intent.action.SEARCH
ADDED from AndroidManifest.xml:42:8
	android:name
		ADDED from AndroidManifest.xml:42:16
intent-filter#android.intent.action.VIEW
ADDED from AndroidManifest.xml:44:7
action#android.intent.action.VIEW
ADDED from AndroidManifest.xml:45:8
	android:name
		ADDED from AndroidManifest.xml:45:16
meta-data#android.app.searchable
ADDED from AndroidManifest.xml:48:7
	android:resource
		ADDED from AndroidManifest.xml:50:9
	android:name
		ADDED from AndroidManifest.xml:49:9
intent-filter#android.intent.action.VIEW+android.intent.category.DEFAULT
ADDED from AndroidManifest.xml:51:7
category#android.intent.category.DEFAULT
ADDED from AndroidManifest.xml:53:8
	android:name
		ADDED from AndroidManifest.xml:53:18
data
ADDED from AndroidManifest.xml:54:8
	android:mimeType
		ADDED from AndroidManifest.xml:54:14
intent-filter#android.intent.action.VIEW+android.intent.category.BROWSABLE+android.intent.category.DEFAULT
ADDED from AndroidManifest.xml:67:7
category#android.intent.category.BROWSABLE
ADDED from AndroidManifest.xml:70:8
	android:name
		ADDED from AndroidManifest.xml:70:18
meta-data#io.fabric.ApiKey
ADDED from AndroidManifest.xml:95:9
	android:name
		ADDED from AndroidManifest.xml:96:13
	android:value
		ADDED from AndroidManifest.xml:97:13
uses-sdk
INJECTED from AndroidManifest.xml:0:0 reason: use-sdk injection requested
MERGED from com.android.support:appcompat-v7:23.1.0:20:5
MERGED from com.android.support:support-v4:23.1.0:20:5
MERGED from ESLReader:mupdf-android-master1:unspecified:8:5
MERGED from com.android.support:appcompat-v7:23.1.0:20:5
MERGED from com.android.support:support-v4:23.1.0:20:5
MERGED from cn.pedant.sweetalert:sweet_dialog:1.3:7:5
MERGED from com.pnikosis:materialish-progress:1.0:7:5
MERGED from com.android.support:appcompat-v7:23.1.0:20:5
MERGED from com.android.support:support-v4:23.1.0:20:5
MERGED from com.crashlytics.sdk.android:crashlytics:2.5.5:7:5
MERGED from com.crashlytics.sdk.android:answers:1.3.6:7:5
MERGED from io.fabric.sdk.android:fabric:1.3.10:23:5
MERGED from com.crashlytics.sdk.android:crashlytics-core:2.3.8:7:5
MERGED from com.crashlytics.sdk.android:answers:1.3.6:7:5
MERGED from io.fabric.sdk.android:fabric:1.3.10:23:5
MERGED from io.fabric.sdk.android:fabric:1.3.10:23:5
MERGED from io.fabric.sdk.android:fabric:1.3.10:23:5
MERGED from com.crashlytics.sdk.android:beta:1.1.4:7:5
MERGED from com.crashlytics.sdk.android:crashlytics-ndk:1.1.2:8:5
MERGED from io.fabric.sdk.android:fabric:1.3.10:23:5
MERGED from com.crashlytics.sdk.android:crashlytics-core:2.3.8:7:5
MERGED from com.crashlytics.sdk.android:answers:1.3.6:7:5
MERGED from io.fabric.sdk.android:fabric:1.3.10:23:5
MERGED from io.fabric.sdk.android:fabric:1.3.10:23:5
	android:targetSdkVersion
		INJECTED from AndroidManifest.xml:0:0
		INJECTED from AndroidManifest.xml:0:0
	android:minSdkVersion
		INJECTED from AndroidManifest.xml:0:0
		INJECTED from AndroidManifest.xml:0:0
supports-screens
ADDED from ESLReader:mupdf-android-master1:unspecified:15:5
	android:largeScreens
		ADDED from ESLReader:mupdf-android-master1:unspecified:17:9
	android:anyDensity
		ADDED from ESLReader:mupdf-android-master1:unspecified:16:9
	android:normalScreens
		ADDED from ESLReader:mupdf-android-master1:unspecified:18:9
	android:smallScreens
		ADDED from ESLReader:mupdf-android-master1:unspecified:19:9